This is XeTeX, Version 3.14159265-2.6-0.999992 (TeX Live 2020/Debian) (preloaded format=xelatex 2023.8.25)  25 AUG 2023 12:14
entering extended mode
 restricted \write18 enabled.
 %&-line parsing enabled.
**refman
(./refman.tex
LaTeX2e <2020-10-01> patch level 4
L3 programming layer <2021-01-09> xparse <2020-03-03>
(/usr/share/texlive/texmf-dist/tex/latex/base/book.cls
Document Class: book 2020/04/10 v1.4m Standard LaTeX document class
(/usr/share/texlive/texmf-dist/tex/latex/base/bk10.clo
File: bk10.clo 2020/04/10 v1.4m Standard LaTeX file (size option)
)
\c@part=\count173
\c@chapter=\count174
\c@section=\count175
\c@subsection=\count176
\c@subsubsection=\count177
\c@paragraph=\count178
\c@subparagraph=\count179
\c@figure=\count180
\c@table=\count181
\abovecaptionskip=\skip47
\belowcaptionskip=\skip48
\bibindent=\dimen138
)
(/usr/share/texlive/texmf-dist/tex/latex/base/ifthen.sty
Package: ifthen 2014/09/29 v1.1c Standard LaTeX ifthen package (DPC)
)
(/usr/share/texlive/texmf-dist/tex/latex/tools/array.sty
Rollback for package 'array' requested -> date 2016-10-06.
         Best approximation is the release introduced on 2016-10-06.

(/usr/share/texlive/texmf-dist/tex/latex/tools/array-2016-10-06.sty
Package: array 2016/10/06 v2.4d Tabular extension package (FMi)
\col@sep=\dimen139
\extrarowheight=\dimen140
\NC@list=\toks15
\extratabsurround=\skip49
\backup@length=\skip50
))
(/usr/share/texlive/texmf-dist/tex/latex/base/fixltx2e.sty
Package: fixltx2e 2016/12/29 v2.1a fixes to LaTeX (obsolete)
Applying: [2015/01/01] Old fixltx2e package on input line 46.


Package fixltx2e Warning: fixltx2e is not required with releases after 2015
(fixltx2e)                All fixes are now in the LaTeX kernel.
(fixltx2e)                See the latexrelease package for details.

Already applied: [0000/00/00] Old fixltx2e package on input line 53.
) (./doxygen.sty
Package: doxygen 
 (/usr/share/texlive/texmf-dist/tex/latex/base/alltt.sty
Package: alltt 1997/06/16 v2.0g defines alltt environment
)
(/usr/share/texlive/texmf-dist/tex/latex/tools/calc.sty
Package: calc 2017/05/25 v4.3 Infix arithmetic (KKT,FJ)
\calc@Acount=\count182
\calc@Bcount=\count183
\calc@Adimen=\dimen141
\calc@Bdimen=\dimen142
\calc@Askip=\skip51
\calc@Bskip=\skip52
LaTeX Info: Redefining \setlength on input line 80.
LaTeX Info: Redefining \addtolength on input line 81.
\calc@Ccount=\count184
\calc@Cskip=\skip53
)
(/usr/share/texlive/texmf-dist/tex/latex/float/float.sty
Package: float 2001/11/08 v1.3d Float enhancements (AL)
\c@float@type=\count185
\float@exts=\toks16
\float@box=\box47
\@float@everytoks=\toks17
\@floatcapt=\box48
)
(/usr/share/texlive/texmf-dist/tex/latex/tools/verbatim.sty
Package: verbatim 2020-07-07 v1.5u LaTeX2e package for verbatim enhancements
\every@verbatim=\toks18
\verbatim@line=\toks19
\verbatim@in@stream=\read2
)
(/usr/share/texlive/texmf-dist/tex/latex/xcolor/xcolor.sty
Package: xcolor 2016/05/11 v2.12 LaTeX color extensions (UK)

(/usr/share/texlive/texmf-dist/tex/latex/graphics-cfg/color.cfg
File: color.cfg 2016/01/02 v1.6 sample color configuration
)
Package xcolor Info: Driver file: xetex.def on input line 225.

(/usr/share/texlive/texmf-dist/tex/latex/graphics-def/xetex.def
File: xetex.def 2020/08/26 v5.0i Graphics/color driver for xetex
)
(/usr/share/texlive/texmf-dist/tex/latex/colortbl/colortbl.sty
Package: colortbl 2020/01/04 v1.0e Color table columns (DPC)
\everycr=\toks20
\minrowclearance=\skip54
)
\rownum=\count186
Package xcolor Info: Model `cmy' substituted by `cmy0' on input line 1348.
Package xcolor Info: Model `RGB' extended on input line 1364.
Package xcolor Info: Model `HTML' substituted by `rgb' on input line 1366.
Package xcolor Info: Model `Hsb' substituted by `hsb' on input line 1367.
Package xcolor Info: Model `tHsb' substituted by `hsb' on input line 1368.
Package xcolor Info: Model `HSB' substituted by `hsb' on input line 1369.
Package xcolor Info: Model `Gray' substituted by `gray' on input line 1370.
Package xcolor Info: Model `wave' substituted by `hsb' on input line 1371.
)
(./longtable_doxygen.sty
Package: longtable_doxygen 2014/10/28 v4.11 Multi-page Table package (DPC) - fr
ozen version for doxygen
\LTleft=\skip55
\LTright=\skip56
\LTpre=\skip57
\LTpost=\skip58
\LTchunksize=\count187
\LTcapwidth=\dimen143
\LT@head=\box49
\LT@firsthead=\box50
\LT@foot=\box51
\LT@lastfoot=\box52
\LT@cols=\count188
\LT@rows=\count189
\c@LT@tables=\count190
\c@LT@chunks=\count191
\LT@p@ftn=\toks21
) (./tabu_doxygen.sty
Package: tabu_doxygen 2011/02/26 v2.8 - flexible LaTeX tabulars (FC), frozen ve
rsion for doxygen

(/usr/share/texlive/texmf-dist/tex/latex/varwidth/varwidth.sty
Package: varwidth 2009/03/30 ver 0.92;  Variable-width minipages
\@vwid@box=\box53
\sift@deathcycles=\count192
\@vwid@loff=\dimen144
\@vwid@roff=\dimen145
)
\c@taburow=\count193
\tabu@nbcols=\count194
\tabu@cnt=\count195
\tabu@Xcol=\count196
\tabu@alloc=\count197
\tabu@nested=\count198
\tabu@target=\dimen146
\tabu@spreadtarget=\dimen147
\tabu@naturalX=\dimen148
\tabucolX=\dimen149
\tabu@Xsum=\dimen150
\extrarowdepth=\dimen151
\abovetabulinesep=\dimen152
\belowtabulinesep=\dimen153
\tabustrutrule=\dimen154
\tabu@thebody=\toks22
\tabu@footnotes=\toks23
\tabu@box=\box54
\tabu@arstrutbox=\box55
\tabu@hleads=\box56
\tabu@vleads=\box57
\tabu@cellskip=\skip59
)
(/usr/share/texlive/texmf-dist/tex/latex/fancyvrb/fancyvrb.sty
Package: fancyvrb 2021/01/20 v3.7 verbatim text (tvz,hv)

(/usr/share/texlive/texmf-dist/tex/latex/graphics/keyval.sty
Package: keyval 2014/10/28 v1.15 key=value parser (DPC)
\KV@toks@=\toks24
)
\FV@CodeLineNo=\count199
\FV@InFile=\read3
\FV@TabBox=\box58
\c@FancyVerbLine=\count266
\FV@StepNumber=\count267
\FV@OutFile=\write3
)
(/usr/share/texlive/texmf-dist/tex/latex/tools/tabularx.sty
Package: tabularx 2020/01/15 v2.11c `tabularx' package (DPC)
\TX@col@width=\dimen155
\TX@old@table=\dimen156
\TX@old@col=\dimen157
\TX@target=\dimen158
\TX@delta=\dimen159
\TX@cols=\count268
\TX@ftn=\toks25
)
(/usr/share/texlive/texmf-dist/tex/latex/tools/multicol.sty
Package: multicol 2019/12/09 v1.8y multicolumn formatting (FMi)
\c@tracingmulticols=\count269
\mult@box=\box59
\multicol@leftmargin=\dimen160
\c@unbalance=\count270
\c@collectmore=\count271
\doublecol@number=\count272
\multicoltolerance=\count273
\multicolpretolerance=\count274
\full@width=\dimen161
\page@free=\dimen162
\premulticols=\dimen163
\postmulticols=\dimen164
\multicolsep=\skip60
\multicolbaselineskip=\skip61
\partial@page=\box60
\last@line=\box61
\maxbalancingoverflow=\dimen165
\mult@rightbox=\box62
\mult@grightbox=\box63
\mult@gfirstbox=\box64
\mult@firstbox=\box65
\@tempa=\box66
\@tempa=\box67
\@tempa=\box68
\@tempa=\box69
\@tempa=\box70
\@tempa=\box71
\@tempa=\box72
\@tempa=\box73
\@tempa=\box74
\@tempa=\box75
\@tempa=\box76
\@tempa=\box77
\@tempa=\box78
\@tempa=\box79
\@tempa=\box80
\@tempa=\box81
\@tempa=\box82
\@tempa=\box83
\@tempa=\box84
\@tempa=\box85
\@tempa=\box86
\@tempa=\box87
\@tempa=\box88
\@tempa=\box89
\@tempa=\box90
\@tempa=\box91
\@tempa=\box92
\@tempa=\box93
\@tempa=\box94
\@tempa=\box95
\@tempa=\box96
\@tempa=\box97
\@tempa=\box98
\@tempa=\box99
\@tempa=\box100
\@tempa=\box101
\@tempa=\box102
\c@minrows=\count275
\c@columnbadness=\count276
\c@finalcolumnbadness=\count277
\last@try=\dimen166
\multicolovershoot=\dimen167
\multicolundershoot=\dimen168
\mult@nat@firstbox=\box103
\colbreak@box=\box104
\mc@col@check@num=\count278
)
(/usr/share/texlive/texmf-dist/tex/latex/multirow/multirow.sty
Package: multirow 2021/01/29 v2.7 Span multiple rows of a table
\multirow@colwidth=\skip62
\multirow@cntb=\count279
\multirow@dima=\skip63
\bigstrutjot=\dimen169
)
(/usr/share/texlive/texmf-dist/tex/latex/hanging/hanging.sty
Package: hanging 2009/09/02 v1.2b hanging paragraphs and punctuation
\h@ngcommawd=\skip64
\h@ngfstopwd=\skip65
\h@ngquotewd=\skip66
\h@ngdquotewd=\skip67
\h@ngquerywd=\skip68
\h@ngexclwd=\skip69
\h@ngcolonwd=\skip70
\h@ngscolonwd=\skip71
)
(/usr/share/texlive/texmf-dist/tex/generic/iftex/ifpdf.sty
Package: ifpdf 2019/10/25 v3.4 ifpdf legacy package. Use iftex instead.

(/usr/share/texlive/texmf-dist/tex/generic/iftex/iftex.sty
Package: iftex 2020/03/06 v1.0d TeX engine tests
))
(/usr/share/texlive/texmf-dist/tex/latex/adjustbox/adjustbox.sty
Package: adjustbox 2020/08/19 v1.3 Adjusting TeX boxes (trim, clip, ...)

(/usr/share/texlive/texmf-dist/tex/latex/xkeyval/xkeyval.sty
Package: xkeyval 2020/11/20 v2.8 package option processing (HA)

(/usr/share/texlive/texmf-dist/tex/generic/xkeyval/xkeyval.tex
(/usr/share/texlive/texmf-dist/tex/generic/xkeyval/xkvutils.tex
\XKV@toks=\toks26
\XKV@tempa@toks=\toks27
)
\XKV@depth=\count280
File: xkeyval.tex 2014/12/03 v2.7a key=value parser (HA)
))
(/usr/share/texlive/texmf-dist/tex/latex/adjustbox/adjcalc.sty
Package: adjcalc 2012/05/16 v1.1 Provides advanced setlength with multiple back
-ends (calc, etex, pgfmath)
)
(/usr/share/texlive/texmf-dist/tex/latex/adjustbox/trimclip.sty
Package: trimclip 2020/08/19 v1.2 Trim and clip general TeX material

(/usr/share/texlive/texmf-dist/tex/latex/graphics/graphicx.sty
Package: graphicx 2020/09/09 v1.2b Enhanced LaTeX Graphics (DPC,SPQR)

(/usr/share/texlive/texmf-dist/tex/latex/graphics/graphics.sty
Package: graphics 2020/08/30 v1.4c Standard LaTeX Graphics (DPC,SPQR)

(/usr/share/texlive/texmf-dist/tex/latex/graphics/trig.sty
Package: trig 2016/01/03 v1.10 sin cos tan (DPC)
)
(/usr/share/texlive/texmf-dist/tex/latex/graphics-cfg/graphics.cfg
File: graphics.cfg 2016/06/04 v1.11 sample graphics configuration
)
Package graphics Info: Driver file: xetex.def on input line 105.
)
\Gin@req@height=\dimen170
\Gin@req@width=\dimen171
)
(/usr/share/texlive/texmf-dist/tex/latex/collectbox/collectbox.sty
Package: collectbox 2012/05/17 v0.4b Collect macro arguments as boxes
\collectedbox=\box105
)
\tc@llx=\dimen172
\tc@lly=\dimen173
\tc@urx=\dimen174
\tc@ury=\dimen175
Package trimclip Info: Using driver 'tc-xetex.def'.

(/usr/share/texlive/texmf-dist/tex/latex/adjustbox/tc-xetex.def
File: tc-xetex.def 2019/01/04 v2.2 Clipping driver for xetex
))
\adjbox@Width=\dimen176
\adjbox@Height=\dimen177
\adjbox@Depth=\dimen178
\adjbox@Totalheight=\dimen179
\adjbox@pwidth=\dimen180
\adjbox@pheight=\dimen181
\adjbox@pdepth=\dimen182
\adjbox@ptotalheight=\dimen183

(/usr/share/texlive/texmf-dist/tex/latex/ifoddpage/ifoddpage.sty
Package: ifoddpage 2016/04/23 v1.1 Conditionals for odd/even page detection
\c@checkoddpage=\count281
))
(/usr/share/texlive/texmf-dist/tex/latex/amsfonts/amssymb.sty
Package: amssymb 2013/01/14 v3.01 AMS font symbols

(/usr/share/texlive/texmf-dist/tex/latex/amsfonts/amsfonts.sty
Package: amsfonts 2013/01/14 v3.01 Basic AMSFonts support
\@emptytoks=\toks28
\symAMSa=\mathgroup4
\symAMSb=\mathgroup5
LaTeX Font Info:    Redeclaring math symbol \hbar on input line 98.
LaTeX Font Info:    Overwriting math alphabet `\mathfrak' in version `bold'
(Font)                  U/euf/m/n --> U/euf/b/n on input line 106.
))
(/usr/share/texlive/texmf-dist/tex/latex/stackengine/stackengine.sty
Package: stackengine 2017/02/13 v4.01\ Stacking text and objects in convenient 
ways

(/usr/share/texlive/texmf-dist/tex/latex/etoolbox/etoolbox.sty
Package: etoolbox 2020/10/05 v2.5k e-TeX tools for LaTeX (JAW)
\etb@tempcnta=\count282
)
(/usr/share/texlive/texmf-dist/tex/generic/listofitems/listofitems.sty
(/usr/share/texlive/texmf-dist/tex/generic/listofitems/listofitems.tex
Invalid UTF-8 byte or sequence at line 50 replaced by U+FFFD.
Invalid UTF-8 byte or sequence at line 50 replaced by U+FFFD.
Invalid UTF-8 byte or sequence at line 52 replaced by U+FFFD.
Invalid UTF-8 byte or sequence at line 52 replaced by U+FFFD.
Invalid UTF-8 byte or sequence at line 52 replaced by U+FFFD.
Invalid UTF-8 byte or sequence at line 96 replaced by U+FFFD.
Invalid UTF-8 byte or sequence at line 96 replaced by U+FFFD.
Invalid UTF-8 byte or sequence at line 104 replaced by U+FFFD.
Invalid UTF-8 byte or sequence at line 105 replaced by U+FFFD.
\loi_cnt_foreach_nest=\count283
Invalid UTF-8 byte or sequence at line 139 replaced by U+FFFD.
Invalid UTF-8 byte or sequence at line 146 replaced by U+FFFD.
Invalid UTF-8 byte or sequence at line 192 replaced by U+FFFD.
Invalid UTF-8 byte or sequence at line 209 replaced by U+FFFD.
Invalid UTF-8 byte or sequence at line 209 replaced by U+FFFD.
Invalid UTF-8 byte or sequence at line 222 replaced by U+FFFD.
Invalid UTF-8 byte or sequence at line 222 replaced by U+FFFD.
Invalid UTF-8 byte or sequence at line 223 replaced by U+FFFD.
Invalid UTF-8 byte or sequence at line 223 replaced by U+FFFD.
Invalid UTF-8 byte or sequence at line 224 replaced by U+FFFD.
Invalid UTF-8 byte or sequence at line 226 replaced by U+FFFD.
Invalid UTF-8 byte or sequence at line 226 replaced by U+FFFD.
Invalid UTF-8 byte or sequence at line 238 replaced by U+FFFD.
Invalid UTF-8 byte or sequence at line 243 replaced by U+FFFD.
Invalid UTF-8 byte or sequence at line 243 replaced by U+FFFD.
Invalid UTF-8 byte or sequence at line 260 replaced by U+FFFD.
Invalid UTF-8 byte or sequence at line 284 replaced by U+FFFD.
Invalid UTF-8 byte or sequence at line 310 replaced by U+FFFD.
Invalid UTF-8 byte or sequence at line 310 replaced by U+FFFD.
Invalid UTF-8 byte or sequence at line 324 replaced by U+FFFD.
Invalid UTF-8 byte or sequence at line 337 replaced by U+FFFD.
Invalid UTF-8 byte or sequence at line 337 replaced by U+FFFD.
Invalid UTF-8 byte or sequence at line 339 replaced by U+FFFD.
Invalid UTF-8 byte or sequence at line 350 replaced by U+FFFD.
Invalid UTF-8 byte or sequence at line 350 replaced by U+FFFD.
Invalid UTF-8 byte or sequence at line 350 replaced by U+FFFD.
Invalid UTF-8 byte or sequence at line 354 replaced by U+FFFD.
\loi_nestcnt=\count284
Invalid UTF-8 byte or sequence at line 367 replaced by U+FFFD.
Invalid UTF-8 byte or sequence at line 367 replaced by U+FFFD.
Invalid UTF-8 byte or sequence at line 367 replaced by U+FFFD.
Invalid UTF-8 byte or sequence at line 367 replaced by U+FFFD.
Invalid UTF-8 byte or sequence at line 375 replaced by U+FFFD.
Invalid UTF-8 byte or sequence at line 375 replaced by U+FFFD.
Invalid UTF-8 byte or sequence at line 375 replaced by U+FFFD.
Invalid UTF-8 byte or sequence at line 375 replaced by U+FFFD.
Invalid UTF-8 byte or sequence at line 377 replaced by U+FFFD.
Invalid UTF-8 byte or sequence at line 378 replaced by U+FFFD.
Invalid UTF-8 byte or sequence at line 398 replaced by U+FFFD.
Invalid UTF-8 byte or sequence at line 398 replaced by U+FFFD.
Invalid UTF-8 byte or sequence at line 399 replaced by U+FFFD.
Invalid UTF-8 byte or sequence at line 399 replaced by U+FFFD.
Invalid UTF-8 byte or sequence at line 399 replaced by U+FFFD.
Invalid UTF-8 byte or sequence at line 399 replaced by U+FFFD.
Invalid UTF-8 byte or sequence at line 399 replaced by U+FFFD.
Invalid UTF-8 byte or sequence at line 399 replaced by U+FFFD.
Invalid UTF-8 byte or sequence at line 409 replaced by U+FFFD.
Invalid UTF-8 byte or sequence at line 410 replaced by U+FFFD.
Invalid UTF-8 byte or sequence at line 410 replaced by U+FFFD.
Invalid UTF-8 byte or sequence at line 410 replaced by U+FFFD.
Invalid UTF-8 byte or sequence at line 410 replaced by U+FFFD.
Invalid UTF-8 byte or sequence at line 411 replaced by U+FFFD.
Invalid UTF-8 byte or sequence at line 411 replaced by U+FFFD.
Invalid UTF-8 byte or sequence at line 411 replaced by U+FFFD.
Invalid UTF-8 byte or sequence at line 411 replaced by U+FFFD.
Invalid UTF-8 byte or sequence at line 411 replaced by U+FFFD.
Invalid UTF-8 byte or sequence at line 411 replaced by U+FFFD.
Invalid UTF-8 byte or sequence at line 414 replaced by U+FFFD.
Invalid UTF-8 byte or sequence at line 422 replaced by U+FFFD.
Invalid UTF-8 byte or sequence at line 422 replaced by U+FFFD.
Invalid UTF-8 byte or sequence at line 426 replaced by U+FFFD.
Invalid UTF-8 byte or sequence at line 428 replaced by U+FFFD.
Invalid UTF-8 byte or sequence at line 433 replaced by U+FFFD.
Invalid UTF-8 byte or sequence at line 433 replaced by U+FFFD.
Invalid UTF-8 byte or sequence at line 441 replaced by U+FFFD.
Invalid UTF-8 byte or sequence at line 441 replaced by U+FFFD.
Invalid UTF-8 byte or sequence at line 442 replaced by U+FFFD.
Invalid UTF-8 byte or sequence at line 443 replaced by U+FFFD.
Invalid UTF-8 byte or sequence at line 443 replaced by U+FFFD.
Invalid UTF-8 byte or sequence at line 443 replaced by U+FFFD.
Invalid UTF-8 byte or sequence at line 446 replaced by U+FFFD.
Invalid UTF-8 byte or sequence at line 446 replaced by U+FFFD.
Invalid UTF-8 byte or sequence at line 446 replaced by U+FFFD.
Invalid UTF-8 byte or sequence at line 448 replaced by U+FFFD.
Invalid UTF-8 byte or sequence at line 448 replaced by U+FFFD.
Invalid UTF-8 byte or sequence at line 451 replaced by U+FFFD.
Invalid UTF-8 byte or sequence at line 455 replaced by U+FFFD.
Invalid UTF-8 byte or sequence at line 455 replaced by U+FFFD.
Invalid UTF-8 byte or sequence at line 458 replaced by U+FFFD.
Invalid UTF-8 byte or sequence at line 458 replaced by U+FFFD.
Invalid UTF-8 byte or sequence at line 472 replaced by U+FFFD.
Invalid UTF-8 byte or sequence at line 475 replaced by U+FFFD.
Invalid UTF-8 byte or sequence at line 492 replaced by U+FFFD.
Invalid UTF-8 byte or sequence at line 508 replaced by U+FFFD.
Invalid UTF-8 byte or sequence at line 508 replaced by U+FFFD.
Invalid UTF-8 byte or sequence at line 509 replaced by U+FFFD.
Invalid UTF-8 byte or sequence at line 509 replaced by U+FFFD.
Invalid UTF-8 byte or sequence at line 519 replaced by U+FFFD.
Invalid UTF-8 byte or sequence at line 541 replaced by U+FFFD.
Invalid UTF-8 byte or sequence at line 541 replaced by U+FFFD.
)
Package: listofitems 2019/08/21 v1.63 Grab items in lists using user-specified 
sep char (CT)
)
\c@@stackindex=\count285
\@boxshift=\skip72
\stack@tmplength=\skip73
\temp@stkl=\skip74
\@stackedboxwidth=\skip75
\@addedbox=\box106
\@anchorbox=\box107
\stackedbox=\box108
\@centerbox=\box109
\c@ROWcellindex@=\count286
)
(/usr/share/texlive/texmf-dist/tex/generic/ulem/ulem.sty
\UL@box=\box110
\UL@hyphenbox=\box111
\UL@skip=\skip76
\UL@hook=\toks29
\UL@height=\dimen184
\UL@pe=\count287
\UL@pixel=\dimen185
\ULC@box=\box112
Package: ulem 2019/11/18
\ULdepth=\dimen186
)
\xrefbox=\box113
\xreflength=\skip77
\CodeWidthChar=\skip78
\CodeHeightChar=\skip79
\DoxyCodeWidth=\skip80
)
(/usr/share/texlive/texmf-dist/tex/latex/base/inputenc.sty
Package: inputenc 2020/08/01 v1.3d Input encoding file
\inpenc@prehook=\toks30
\inpenc@posthook=\toks31


Package inputenc Warning: inputenc package ignored with utf8 based engines.

) (/usr/share/texlive/texmf-dist/tex/latex/base/makeidx.sty
Package: makeidx 2014/09/29 v1.0m Standard LaTeX package
)
(/usr/share/texlive/texmf-dist/tex/latex/base/textcomp.sty
Package: textcomp 2020/02/02 v2.0n Standard LaTeX package
)
(/usr/share/texlive/texmf-dist/tex/latex/wasysym/wasysym.sty
Package: wasysym 2020/01/19 v2.4 Wasy-2 symbol support package
\symwasy=\mathgroup6
LaTeX Font Info:    Overwriting symbol font `wasy' in version `bold'
(Font)                  U/wasy/m/n --> U/wasy/b/n on input line 93.
)
(/usr/share/texlive/texmf-dist/tex/generic/iftex/ifxetex.sty
Package: ifxetex 2019/10/25 v0.7 ifxetex legacy package. Use iftex instead.
)
(/usr/share/texlive/texmf-dist/tex/latex/base/fontenc.sty
Package: fontenc 2020/08/10 v2.0s Standard LaTeX package
LaTeX Font Info:    Trying to load font information for T1+lmr on input line 11
2.

(/usr/share/texmf/tex/latex/lm/t1lmr.fd
File: t1lmr.fd 2009/10/30 v1.6 Font defs for Latin Modern
))
(/usr/share/texlive/texmf-dist/tex/latex/psnfss/helvet.sty
Package: helvet 2020/03/25 PSNFSS-v9.3 (WaS) 
)
(/usr/share/texlive/texmf-dist/tex/latex/psnfss/courier.sty
Package: courier 2020/03/25 PSNFSS-v9.3 (WaS) 
)
(/usr/share/texlive/texmf-dist/tex/latex/sectsty/sectsty.sty
Package: sectsty 2002/02/25 v2.0.2 Commands to change all sectional heading sty
les


LaTeX Warning: Command \underbar  has changed.
               Check if current package is valid.


LaTeX Warning: Command \underline  has changed.
               Check if current package is valid.

) (/usr/share/texlive/texmf-dist/tex/latex/geometry/geometry.sty
Package: geometry 2020/01/02 v5.9 Page Geometry

(/usr/share/texlive/texmf-dist/tex/generic/iftex/ifvtex.sty
Package: ifvtex 2019/10/25 v1.7 ifvtex legacy package. Use iftex instead.
)
\Gm@cnth=\count288
\Gm@cntv=\count289
\c@Gm@tempcnt=\count290
\Gm@bindingoffset=\dimen187
\Gm@wd@mp=\dimen188
\Gm@odd@mp=\dimen189
\Gm@even@mp=\dimen190
\Gm@layoutwidth=\dimen191
\Gm@layoutheight=\dimen192
\Gm@layouthoffset=\dimen193
\Gm@layoutvoffset=\dimen194
\Gm@dimlist=\toks32
)
(/usr/share/texlive/texmf-dist/tex/latex/fancyhdr/fancyhdr.sty
Package: fancyhdr 2021/01/04 v4.0 Extensive control of page headers and footers

\f@nch@headwidth=\skip81
\f@nch@O@elh=\skip82
\f@nch@O@erh=\skip83
\f@nch@O@olh=\skip84
\f@nch@O@orh=\skip85
\f@nch@O@elf=\skip86
\f@nch@O@erf=\skip87
\f@nch@O@olf=\skip88
\f@nch@O@orf=\skip89
)
(/usr/share/texlive/texmf-dist/tex/latex/natbib/natbib.sty
Package: natbib 2010/09/13 8.31b (PWD, AO)
\bibhang=\skip90
\bibsep=\skip91
LaTeX Info: Redefining \cite on input line 694.
\c@NAT@ctr=\count291
)
(/usr/share/texlive/texmf-dist/tex/latex/tocloft/tocloft.sty
Package: tocloft 2017/08/31 v2.3i parameterised ToC, etc., typesetting
Package tocloft Info: The document has chapter divisions on input line 51.
\cftparskip=\skip92
\cftbeforetoctitleskip=\skip93
\cftaftertoctitleskip=\skip94
\cftbeforepartskip=\skip95
\cftpartnumwidth=\skip96
\cftpartindent=\skip97
\cftbeforechapskip=\skip98
\cftchapindent=\skip99
\cftchapnumwidth=\skip100
\cftbeforesecskip=\skip101
\cftsecindent=\skip102
\cftsecnumwidth=\skip103
\cftbeforesubsecskip=\skip104
\cftsubsecindent=\skip105
\cftsubsecnumwidth=\skip106
\cftbeforesubsubsecskip=\skip107
\cftsubsubsecindent=\skip108
\cftsubsubsecnumwidth=\skip109
\cftbeforeparaskip=\skip110
\cftparaindent=\skip111
\cftparanumwidth=\skip112
\cftbeforesubparaskip=\skip113
\cftsubparaindent=\skip114
\cftsubparanumwidth=\skip115
\cftbeforeloftitleskip=\skip116
\cftafterloftitleskip=\skip117
\cftbeforefigskip=\skip118
\cftfigindent=\skip119
\cftfignumwidth=\skip120
\c@lofdepth=\count292
\c@lotdepth=\count293
\cftbeforelottitleskip=\skip121
\cftafterlottitleskip=\skip122
\cftbeforetabskip=\skip123
\cfttabindent=\skip124
\cfttabnumwidth=\skip125
)
\@indexfile=\write4
\openout4 = `refman.idx'.


Writing index file refman.idx
(/usr/share/texlive/texmf-dist/tex/latex/newunicodechar/newunicodechar.sty
Package: newunicodechar 2018/04/08 v1.2 Defining Unicode characters
)
(/usr/share/texlive/texmf-dist/tex/latex/hyperref/hyperref.sty
Package: hyperref 2020-05-15 v7.00e Hypertext links for LaTeX

(/usr/share/texlive/texmf-dist/tex/generic/ltxcmds/ltxcmds.sty
Package: ltxcmds 2020-05-10 v1.25 LaTeX kernel commands for general use (HO)
)
(/usr/share/texlive/texmf-dist/tex/generic/pdftexcmds/pdftexcmds.sty
Package: pdftexcmds 2020-06-27 v0.33 Utility functions of pdfTeX for LuaTeX (HO
)

(/usr/share/texlive/texmf-dist/tex/generic/infwarerr/infwarerr.sty
Package: infwarerr 2019/12/03 v1.5 Providing info/warning/error messages (HO)
)
Package pdftexcmds Info: \pdf@primitive is available.
Package pdftexcmds Info: \pdf@ifprimitive is available.
Package pdftexcmds Info: \pdfdraftmode not found.
)
(/usr/share/texlive/texmf-dist/tex/generic/kvsetkeys/kvsetkeys.sty
Package: kvsetkeys 2019/12/15 v1.18 Key value parser (HO)
)
(/usr/share/texlive/texmf-dist/tex/generic/kvdefinekeys/kvdefinekeys.sty
Package: kvdefinekeys 2019-12-19 v1.6 Define keys (HO)
)
(/usr/share/texlive/texmf-dist/tex/generic/pdfescape/pdfescape.sty
Package: pdfescape 2019/12/09 v1.15 Implements pdfTeX's escape features (HO)
)
(/usr/share/texlive/texmf-dist/tex/latex/hycolor/hycolor.sty
Package: hycolor 2020-01-27 v1.10 Color options for hyperref/bookmark (HO)
)
(/usr/share/texlive/texmf-dist/tex/latex/letltxmacro/letltxmacro.sty
Package: letltxmacro 2019/12/03 v1.6 Let assignment for LaTeX macros (HO)
)
(/usr/share/texlive/texmf-dist/tex/latex/auxhook/auxhook.sty
Package: auxhook 2019-12-17 v1.6 Hooks for auxiliary files (HO)
)
(/usr/share/texlive/texmf-dist/tex/latex/kvoptions/kvoptions.sty
Package: kvoptions 2020-10-07 v3.14 Key value format for package options (HO)
)
\@linkdim=\dimen195
\Hy@linkcounter=\count294
\Hy@pagecounter=\count295

(/usr/share/texlive/texmf-dist/tex/latex/hyperref/pd1enc.def
File: pd1enc.def 2020-05-15 v7.00e Hyperref: PDFDocEncoding definition (HO)
)
(/usr/share/texlive/texmf-dist/tex/generic/intcalc/intcalc.sty
Package: intcalc 2019/12/15 v1.3 Expandable calculations with integers (HO)
)
(/usr/share/texlive/texmf-dist/tex/generic/etexcmds/etexcmds.sty
Package: etexcmds 2019/12/15 v1.7 Avoid name clashes with e-TeX commands (HO)
)
\Hy@SavedSpaceFactor=\count296
Package hyperref Info: Hyper figures OFF on input line 4464.
Package hyperref Info: Link nesting OFF on input line 4469.
Package hyperref Info: Hyper index ON on input line 4472.
Package hyperref Info: Plain pages OFF on input line 4479.
Package hyperref Info: Backreferencing ON on input line 4482.
Package hyperref Info: Implicit mode ON; LaTeX internals redefined.
Package hyperref Info: Bookmarks ON on input line 4717.

(/usr/share/texlive/texmf-dist/tex/latex/hyperref/backref.sty
Package: backref 2020/01/14 v1.40 Bibliographical back referencing

(/usr/share/texlive/texmf-dist/tex/latex/rerunfilecheck/rerunfilecheck.sty
Package: rerunfilecheck 2019/12/05 v1.9 Rerun checks for auxiliary files (HO)

(/usr/share/texlive/texmf-dist/tex/latex/base/atveryend-ltx.sty
Package: atveryend-ltx 2020/08/19 v1.0a Emulation of the original atvery packag
e
with kernel methods
)
(/usr/share/texlive/texmf-dist/tex/generic/uniquecounter/uniquecounter.sty
Package: uniquecounter 2019/12/15 v1.4 Provide unlimited unique counter (HO)

(/usr/share/texlive/texmf-dist/tex/generic/bigintcalc/bigintcalc.sty
Package: bigintcalc 2019/12/15 v1.5 Expandable calculations on big integers (HO
)
))
Package uniquecounter Info: New unique counter `rerunfilecheck' on input line 2
86.
))
\c@Hy@tempcnt=\count297

(/usr/share/texlive/texmf-dist/tex/latex/url/url.sty
\Urlmuskip=\muskip16
Package: url 2013/09/16  ver 3.4  Verb mode for urls, etc.
)
LaTeX Info: Redefining \url on input line 5076.
\XeTeXLinkMargin=\dimen196

(/usr/share/texlive/texmf-dist/tex/generic/bitset/bitset.sty
Package: bitset 2019/12/09 v1.3 Handle bit-vector datatype (HO)
)
\Fld@menulength=\count298
\Field@Width=\dimen197
\Fld@charsize=\dimen198
Package hyperref Info: Hyper figures OFF on input line 6347.
Package hyperref Info: Link nesting OFF on input line 6352.
Package hyperref Info: Hyper index ON on input line 6355.
Package hyperref Info: backreferencing ON on input line 6360.
Package hyperref Info: Link coloring OFF on input line 6367.
Package hyperref Info: Link coloring with OCG OFF on input line 6372.
Package hyperref Info: PDF/A mode OFF on input line 6377.
LaTeX Info: Redefining \ref on input line 6417.
LaTeX Info: Redefining \pageref on input line 6421.

(/usr/share/texlive/texmf-dist/tex/latex/base/atbegshi-ltx.sty
Package: atbegshi-ltx 2020/08/17 v1.0a Emulation of the original atbegshi packa
ge
with kernel methods
)
\Hy@abspage=\count299
\c@Item=\count300
\c@Hfootnote=\count301
)
Package hyperref Info: Driver (autodetected): hxetex.

(/usr/share/texlive/texmf-dist/tex/latex/hyperref/hxetex.def
File: hxetex.def 2020-05-15 v7.00e Hyperref driver for XeTeX

(/usr/share/texlive/texmf-dist/tex/latex/hyperref/puenc.def
File: puenc.def 2020-05-15 v7.00e Hyperref: PDF Unicode definition (HO)
)
(/usr/share/texlive/texmf-dist/tex/generic/stringenc/stringenc.sty
Package: stringenc 2019/11/29 v1.12 Convert strings between diff. encodings (HO
)
)
\pdfm@box=\box114
\c@Hy@AnnotLevel=\count302
\HyField@AnnotCount=\count303
\Fld@listcount=\count304
\c@bookmark@seq@number=\count305
\Hy@SectionHShift=\skip126
)
Package hyperref Info: Option `colorlinks' set `true' on input line 134.
Package hyperref Info: Option `unicode' set `true' on input line 134.

(/usr/share/texlive/texmf-dist/tex/latex/caption/caption.sty
Package: caption 2020/10/26 v3.5g Customizing captions (AR)

(/usr/share/texlive/texmf-dist/tex/latex/caption/caption3.sty
Package: caption3 2020/10/21 v2.2e caption3 kernel (AR)
\captionmargin=\dimen199
\captionmargin@=\dimen256
\captionwidth=\dimen257
\caption@tempdima=\dimen258
\caption@indent=\dimen259
\caption@parindent=\dimen260
\caption@hangindent=\dimen261
Package caption Info: Standard document class detected.
)
\c@caption@flags=\count306
\c@continuedfloat=\count307
Package caption Info: float package is loaded.
Package caption Info: hyperref package is loaded.
Package caption Info: longtable package is loaded.

(/usr/share/texlive/texmf-dist/tex/latex/caption/ltcaption.sty
Package: ltcaption 2020/05/30 v1.4b longtable captions (AR)
))
(/usr/share/texlive/texmf-dist/tex/latex/etoc/etoc.sty
Package: etoc 2020/05/15 v1.09c Completely customisable TOCs (JFB)
\Etoc@toctoks=\toks33
\c@etoc@tocid=\count308
\c@etoc@tocdepth=\count309
\etoc@framed@titlebox=\box115
\etoc@framed@contentsbox=\box116
)
LaTeX Font Info:    Trying to load font information for T1+phv on input line 14
9.

(/usr/share/texlive/texmf-dist/tex/latex/psnfss/t1phv.fd
File: t1phv.fd 2020/03/25 scalable font definitions for T1/phv.
)
LaTeX Font Info:    Font shape `T1/phv/m/n' will be
(Font)              scaled to size 8.99994pt on input line 149.

(/usr/share/texlive/texmf-dist/tex/latex/l3backend/l3backend-xetex.def
File: l3backend-xetex.def 2020-01-29 L3 backend support: XeTeX

(|extractbb --version)
\c__kernel_sys_dvipdfmx_version_int=\count310
\l__color_backend_stack_int=\count311
\g__graphics_track_int=\count312
\l__pdf_internal_box=\box117
\g__pdf_backend_object_int=\count313
\g__pdf_backend_annotation_int=\count314
\g__pdf_backend_link_int=\count315
) (./refman.aux

LaTeX Warning: Label `classObject_a779e4ef33d34fc2ac0e643a21bab458f' multiply d
efined.


LaTeX Warning: Label `classObject_a63419c492e6cacfb39844fd6e0e468ce' multiply d
efined.


LaTeX Warning: Label `classObject_ac8818633d6b77e0185a57390534dcbf5' multiply d
efined.


LaTeX Warning: Label `classObject_a916f89a16f3797a50a6ada6fea3114ca' multiply d
efined.


LaTeX Warning: Label `classObject_a168d779cd78db810975318bf0f74dcfd' multiply d
efined.


LaTeX Warning: Label `classObject_ab78e065c1bf8d0e5ca13be0ecfef76f1' multiply d
efined.


LaTeX Warning: Label `classObject_ad337bd37c7a9a6c7d0908e1ab418120b' multiply d
efined.


LaTeX Warning: Label `classObject_ac8fb7e96f91812ed9b64e3c773b21df7' multiply d
efined.


LaTeX Warning: Label `classObject_a6dd1b5dd9a505cb720ba393ed499f4e7' multiply d
efined.


LaTeX Warning: Label `classObject_abcbfe2519db39ced8bdf097e8b981dda' multiply d
efined.


LaTeX Warning: Label `classObject_a58ef9b7b66c5c46f87cae00f810b0a4a' multiply d
efined.


LaTeX Warning: Label `classObject_a8cd7da58a281336729f6fba8483bd61f' multiply d
efined.


LaTeX Warning: Label `classObject_acf4196d2fb81df80589b58eb66d03b70' multiply d
efined.


LaTeX Warning: Label `classObject_ada6bf6b720cbc19dc9531ec6c9aa6f24' multiply d
efined.


LaTeX Warning: Label `classObject_af2dfb87786a3c58e1a2c12dd98c239ec' multiply d
efined.


LaTeX Warning: Label `classObject_acaa7a13c36b3bdf1b3a6650252e592b1' multiply d
efined.


LaTeX Warning: Label `classObject_a5f2e22fc463755bac7667d151fb4e0fa' multiply d
efined.


LaTeX Warning: Label `classObject_abc48f39121bf0552168fbbad2b1edc72' multiply d
efined.


LaTeX Warning: Label `classObject_a168572a1b789af1a15e613fc695a1c48' multiply d
efined.


LaTeX Warning: Label `classObject_a49b5e0362b8939c00acb0ff00f245faf' multiply d
efined.


LaTeX Warning: Label `classObject_a40ec7f9e4d261a23fa28c68674235420' multiply d
efined.


LaTeX Warning: Label `classObject_a2a19498a042d2dd5c9617478d9c6108a' multiply d
efined.


LaTeX Warning: Label `classObject_a76942a904503102af3e2d16d774e63a9' multiply d
efined.


LaTeX Warning: Label `classObject_a761e2136fc7a5f7f45dcab91f5f7f700' multiply d
efined.


LaTeX Warning: Label `classObject_a05b97be8fece8d6a7b1af0579edef1a0' multiply d
efined.


LaTeX Warning: Label `classObject_a2273ca5711d16a3c1a2f82b66efe8aae' multiply d
efined.


LaTeX Warning: Label `classObject_a662ce951c630caf9f70a4309e5415ff7' multiply d
efined.


LaTeX Warning: Label `classObject_adc8b1304393aa4624d90b354547e4417' multiply d
efined.


LaTeX Warning: Label `classObject_a1940f14ab0a96bc1ae0f44207df99272' multiply d
efined.


LaTeX Warning: Label `classObject_a57211e035b27dade09eff5181e6344ec' multiply d
efined.


LaTeX Warning: Label `classObject_abb82a6e42cf8ead134336ed7215eb96a' multiply d
efined.


LaTeX Warning: Label `classObject_ab0e86d8381fd6a75d0345815cf1719a1' multiply d
efined.


LaTeX Warning: Label `classObject_a7682b312620d0eb8755b0a71058c7ac8' multiply d
efined.


LaTeX Warning: Label `classObject_a273d5a6a9a37f5a367c8f7e24148111f' multiply d
efined.


LaTeX Warning: Label `classObject_a0c9db7d01b0a5fc34e9d0b7fabe3fdd5' multiply d
efined.


LaTeX Warning: Label `classObject_ad9ed62dc42e94b629bf1552c99b18684' multiply d
efined.


LaTeX Warning: Label `classObject_a5b4078c0830a63b0408786372c792c17' multiply d
efined.


LaTeX Warning: Label `classObject_a8ff358b9df49d59d79707150555b5ea7' multiply d
efined.


LaTeX Warning: Label `classObject_ab61e725bd05e1196e2008d12897a7db4' multiply d
efined.


LaTeX Warning: Label `classObject_a5551ae17bc0be016242c2d09d4c65ee3' multiply d
efined.


LaTeX Warning: Label `classObject_aa705b4e7e1b594404ae337484b3879e7' multiply d
efined.


LaTeX Warning: Label `classObject_a23f5caec380bd7665325d00d3bdddd43' multiply d
efined.


LaTeX Warning: Label `classObject_a6994f8032b912ec5a81b4c25a5627547' multiply d
efined.


LaTeX Warning: Label `classObject_a254bad43d255a060b7a604f1db92f364' multiply d
efined.


LaTeX Warning: Label `classObject_a3001a23e18684ebbfa546dd1660b3be5' multiply d
efined.


LaTeX Warning: Label `classObject_a71f96360a1cc94c651d2c4a30154622f' multiply d
efined.


LaTeX Warning: Label `classObject_a669b89f420d194802002854d7759dd38' multiply d
efined.


LaTeX Warning: Label `classObject_ab2406455f926d7a957f92da64f99c096' multiply d
efined.


LaTeX Warning: Label `classObject_a4c0ae8dae2bd28704eeee2e0518bb32f' multiply d
efined.


LaTeX Warning: Label `classObject_ab6d0594ca9021e45807970c88710b759' multiply d
efined.


LaTeX Warning: Label `classObject_a7fc49e01b0ec100f852ef0579a8fa7dd' multiply d
efined.


LaTeX Warning: Label `classObject_aee9b979b77c97d7c73b812cd3121aa06' multiply d
efined.


LaTeX Warning: Label `classObject_a38fd393e976571f858fcecbb9d4fa5dc' multiply d
efined.


LaTeX Warning: Label `classObject_a089032b75342c96aa82eb8923b877499' multiply d
efined.


LaTeX Warning: Label `classObject_a6c7b79d620f091fd39bcdf6b3d6691f2' multiply d
efined.


LaTeX Warning: Label `classObject_ad46d3d90c2735b8fb8e4446f6a6c9ab4' multiply d
efined.


LaTeX Warning: Label `classObject_a779e4ef33d34fc2ac0e643a21bab458f' multiply d
efined.


LaTeX Warning: Label `classObject_a63419c492e6cacfb39844fd6e0e468ce' multiply d
efined.


LaTeX Warning: Label `classObject_ac8818633d6b77e0185a57390534dcbf5' multiply d
efined.


LaTeX Warning: Label `classObject_a916f89a16f3797a50a6ada6fea3114ca' multiply d
efined.


LaTeX Warning: Label `classObject_a168d779cd78db810975318bf0f74dcfd' multiply d
efined.


LaTeX Warning: Label `classObject_ab78e065c1bf8d0e5ca13be0ecfef76f1' multiply d
efined.


LaTeX Warning: Label `classObject_ad337bd37c7a9a6c7d0908e1ab418120b' multiply d
efined.


LaTeX Warning: Label `classObject_ac8fb7e96f91812ed9b64e3c773b21df7' multiply d
efined.


LaTeX Warning: Label `classObject_a6dd1b5dd9a505cb720ba393ed499f4e7' multiply d
efined.


LaTeX Warning: Label `classObject_abcbfe2519db39ced8bdf097e8b981dda' multiply d
efined.


LaTeX Warning: Label `classObject_a58ef9b7b66c5c46f87cae00f810b0a4a' multiply d
efined.


LaTeX Warning: Label `classObject_a8cd7da58a281336729f6fba8483bd61f' multiply d
efined.


LaTeX Warning: Label `classObject_acf4196d2fb81df80589b58eb66d03b70' multiply d
efined.


LaTeX Warning: Label `classObject_ada6bf6b720cbc19dc9531ec6c9aa6f24' multiply d
efined.


LaTeX Warning: Label `classObject_af2dfb87786a3c58e1a2c12dd98c239ec' multiply d
efined.


LaTeX Warning: Label `classObject_acaa7a13c36b3bdf1b3a6650252e592b1' multiply d
efined.


LaTeX Warning: Label `classObject_a5f2e22fc463755bac7667d151fb4e0fa' multiply d
efined.


LaTeX Warning: Label `classObject_abc48f39121bf0552168fbbad2b1edc72' multiply d
efined.


LaTeX Warning: Label `classObject_a168572a1b789af1a15e613fc695a1c48' multiply d
efined.


LaTeX Warning: Label `classObject_a49b5e0362b8939c00acb0ff00f245faf' multiply d
efined.


LaTeX Warning: Label `classObject_a40ec7f9e4d261a23fa28c68674235420' multiply d
efined.


LaTeX Warning: Label `classObject_a2a19498a042d2dd5c9617478d9c6108a' multiply d
efined.


LaTeX Warning: Label `classObject_a76942a904503102af3e2d16d774e63a9' multiply d
efined.


LaTeX Warning: Label `classObject_a761e2136fc7a5f7f45dcab91f5f7f700' multiply d
efined.


LaTeX Warning: Label `classObject_a05b97be8fece8d6a7b1af0579edef1a0' multiply d
efined.


LaTeX Warning: Label `classObject_a2273ca5711d16a3c1a2f82b66efe8aae' multiply d
efined.


LaTeX Warning: Label `classObject_a662ce951c630caf9f70a4309e5415ff7' multiply d
efined.


LaTeX Warning: Label `classObject_adc8b1304393aa4624d90b354547e4417' multiply d
efined.


LaTeX Warning: Label `classObject_a1940f14ab0a96bc1ae0f44207df99272' multiply d
efined.


LaTeX Warning: Label `classObject_a57211e035b27dade09eff5181e6344ec' multiply d
efined.


LaTeX Warning: Label `classObject_abb82a6e42cf8ead134336ed7215eb96a' multiply d
efined.


LaTeX Warning: Label `classObject_ab0e86d8381fd6a75d0345815cf1719a1' multiply d
efined.


LaTeX Warning: Label `classObject_a7682b312620d0eb8755b0a71058c7ac8' multiply d
efined.


LaTeX Warning: Label `classObject_a273d5a6a9a37f5a367c8f7e24148111f' multiply d
efined.


LaTeX Warning: Label `classObject_a0c9db7d01b0a5fc34e9d0b7fabe3fdd5' multiply d
efined.


LaTeX Warning: Label `classObject_ad9ed62dc42e94b629bf1552c99b18684' multiply d
efined.


LaTeX Warning: Label `classObject_a5b4078c0830a63b0408786372c792c17' multiply d
efined.


LaTeX Warning: Label `classObject_a8ff358b9df49d59d79707150555b5ea7' multiply d
efined.


LaTeX Warning: Label `classObject_ab61e725bd05e1196e2008d12897a7db4' multiply d
efined.


LaTeX Warning: Label `classObject_a5551ae17bc0be016242c2d09d4c65ee3' multiply d
efined.


LaTeX Warning: Label `classObject_aa705b4e7e1b594404ae337484b3879e7' multiply d
efined.


LaTeX Warning: Label `classObject_a23f5caec380bd7665325d00d3bdddd43' multiply d
efined.


LaTeX Warning: Label `classObject_a6994f8032b912ec5a81b4c25a5627547' multiply d
efined.


LaTeX Warning: Label `classObject_a254bad43d255a060b7a604f1db92f364' multiply d
efined.


LaTeX Warning: Label `classObject_a3001a23e18684ebbfa546dd1660b3be5' multiply d
efined.


LaTeX Warning: Label `classObject_a71f96360a1cc94c651d2c4a30154622f' multiply d
efined.


LaTeX Warning: Label `classObject_a669b89f420d194802002854d7759dd38' multiply d
efined.


LaTeX Warning: Label `classObject_ab2406455f926d7a957f92da64f99c096' multiply d
efined.


LaTeX Warning: Label `classObject_a4c0ae8dae2bd28704eeee2e0518bb32f' multiply d
efined.


LaTeX Warning: Label `classObject_ab6d0594ca9021e45807970c88710b759' multiply d
efined.


LaTeX Warning: Label `classObject_a7fc49e01b0ec100f852ef0579a8fa7dd' multiply d
efined.


LaTeX Warning: Label `classObject_aee9b979b77c97d7c73b812cd3121aa06' multiply d
efined.


LaTeX Warning: Label `classObject_a38fd393e976571f858fcecbb9d4fa5dc' multiply d
efined.


LaTeX Warning: Label `classObject_a089032b75342c96aa82eb8923b877499' multiply d
efined.


LaTeX Warning: Label `classObject_a6c7b79d620f091fd39bcdf6b3d6691f2' multiply d
efined.


LaTeX Warning: Label `classObject_ad46d3d90c2735b8fb8e4446f6a6c9ab4' multiply d
efined.


LaTeX Warning: Label `classObject_a779e4ef33d34fc2ac0e643a21bab458f' multiply d
efined.


LaTeX Warning: Label `classObject_a63419c492e6cacfb39844fd6e0e468ce' multiply d
efined.


LaTeX Warning: Label `classObject_ac8818633d6b77e0185a57390534dcbf5' multiply d
efined.


LaTeX Warning: Label `classObject_a916f89a16f3797a50a6ada6fea3114ca' multiply d
efined.


LaTeX Warning: Label `classObject_a168d779cd78db810975318bf0f74dcfd' multiply d
efined.


LaTeX Warning: Label `classObject_ab78e065c1bf8d0e5ca13be0ecfef76f1' multiply d
efined.


LaTeX Warning: Label `classObject_ad337bd37c7a9a6c7d0908e1ab418120b' multiply d
efined.


LaTeX Warning: Label `classObject_ac8fb7e96f91812ed9b64e3c773b21df7' multiply d
efined.


LaTeX Warning: Label `classObject_a6dd1b5dd9a505cb720ba393ed499f4e7' multiply d
efined.


LaTeX Warning: Label `classObject_abcbfe2519db39ced8bdf097e8b981dda' multiply d
efined.


LaTeX Warning: Label `classObject_a58ef9b7b66c5c46f87cae00f810b0a4a' multiply d
efined.


LaTeX Warning: Label `classObject_a8cd7da58a281336729f6fba8483bd61f' multiply d
efined.


LaTeX Warning: Label `classObject_acf4196d2fb81df80589b58eb66d03b70' multiply d
efined.


LaTeX Warning: Label `classObject_ada6bf6b720cbc19dc9531ec6c9aa6f24' multiply d
efined.


LaTeX Warning: Label `classObject_af2dfb87786a3c58e1a2c12dd98c239ec' multiply d
efined.


LaTeX Warning: Label `classObject_acaa7a13c36b3bdf1b3a6650252e592b1' multiply d
efined.


LaTeX Warning: Label `classObject_a5f2e22fc463755bac7667d151fb4e0fa' multiply d
efined.


LaTeX Warning: Label `classObject_abc48f39121bf0552168fbbad2b1edc72' multiply d
efined.


LaTeX Warning: Label `classObject_a168572a1b789af1a15e613fc695a1c48' multiply d
efined.


LaTeX Warning: Label `classObject_a49b5e0362b8939c00acb0ff00f245faf' multiply d
efined.


LaTeX Warning: Label `classObject_a40ec7f9e4d261a23fa28c68674235420' multiply d
efined.


LaTeX Warning: Label `classObject_a2a19498a042d2dd5c9617478d9c6108a' multiply d
efined.


LaTeX Warning: Label `classObject_a76942a904503102af3e2d16d774e63a9' multiply d
efined.


LaTeX Warning: Label `classObject_a761e2136fc7a5f7f45dcab91f5f7f700' multiply d
efined.


LaTeX Warning: Label `classObject_a05b97be8fece8d6a7b1af0579edef1a0' multiply d
efined.


LaTeX Warning: Label `classObject_a2273ca5711d16a3c1a2f82b66efe8aae' multiply d
efined.


LaTeX Warning: Label `classObject_a662ce951c630caf9f70a4309e5415ff7' multiply d
efined.


LaTeX Warning: Label `classObject_adc8b1304393aa4624d90b354547e4417' multiply d
efined.


LaTeX Warning: Label `classObject_a1940f14ab0a96bc1ae0f44207df99272' multiply d
efined.


LaTeX Warning: Label `classObject_a57211e035b27dade09eff5181e6344ec' multiply d
efined.


LaTeX Warning: Label `classObject_abb82a6e42cf8ead134336ed7215eb96a' multiply d
efined.


LaTeX Warning: Label `classObject_ab0e86d8381fd6a75d0345815cf1719a1' multiply d
efined.


LaTeX Warning: Label `classObject_a7682b312620d0eb8755b0a71058c7ac8' multiply d
efined.


LaTeX Warning: Label `classObject_a273d5a6a9a37f5a367c8f7e24148111f' multiply d
efined.


LaTeX Warning: Label `classObject_a0c9db7d01b0a5fc34e9d0b7fabe3fdd5' multiply d
efined.


LaTeX Warning: Label `classObject_ad9ed62dc42e94b629bf1552c99b18684' multiply d
efined.


LaTeX Warning: Label `classObject_a5b4078c0830a63b0408786372c792c17' multiply d
efined.


LaTeX Warning: Label `classObject_a8ff358b9df49d59d79707150555b5ea7' multiply d
efined.


LaTeX Warning: Label `classObject_ab61e725bd05e1196e2008d12897a7db4' multiply d
efined.


LaTeX Warning: Label `classObject_a5551ae17bc0be016242c2d09d4c65ee3' multiply d
efined.


LaTeX Warning: Label `classObject_aa705b4e7e1b594404ae337484b3879e7' multiply d
efined.


LaTeX Warning: Label `classObject_a23f5caec380bd7665325d00d3bdddd43' multiply d
efined.


LaTeX Warning: Label `classObject_a6994f8032b912ec5a81b4c25a5627547' multiply d
efined.


LaTeX Warning: Label `classObject_a254bad43d255a060b7a604f1db92f364' multiply d
efined.


LaTeX Warning: Label `classObject_a3001a23e18684ebbfa546dd1660b3be5' multiply d
efined.


LaTeX Warning: Label `classObject_a71f96360a1cc94c651d2c4a30154622f' multiply d
efined.


LaTeX Warning: Label `classObject_a669b89f420d194802002854d7759dd38' multiply d
efined.


LaTeX Warning: Label `classObject_ab2406455f926d7a957f92da64f99c096' multiply d
efined.


LaTeX Warning: Label `classObject_a4c0ae8dae2bd28704eeee2e0518bb32f' multiply d
efined.


LaTeX Warning: Label `classObject_ab6d0594ca9021e45807970c88710b759' multiply d
efined.


LaTeX Warning: Label `classObject_a7fc49e01b0ec100f852ef0579a8fa7dd' multiply d
efined.


LaTeX Warning: Label `classObject_aee9b979b77c97d7c73b812cd3121aa06' multiply d
efined.


LaTeX Warning: Label `classObject_a38fd393e976571f858fcecbb9d4fa5dc' multiply d
efined.


LaTeX Warning: Label `classObject_a089032b75342c96aa82eb8923b877499' multiply d
efined.


LaTeX Warning: Label `classObject_a6c7b79d620f091fd39bcdf6b3d6691f2' multiply d
efined.


LaTeX Warning: Label `classObject_ad46d3d90c2735b8fb8e4446f6a6c9ab4' multiply d
efined.


LaTeX Warning: Label `classObject_a779e4ef33d34fc2ac0e643a21bab458f' multiply d
efined.


LaTeX Warning: Label `classObject_a63419c492e6cacfb39844fd6e0e468ce' multiply d
efined.


LaTeX Warning: Label `classObject_ac8818633d6b77e0185a57390534dcbf5' multiply d
efined.


LaTeX Warning: Label `classObject_a916f89a16f3797a50a6ada6fea3114ca' multiply d
efined.


LaTeX Warning: Label `classObject_a168d779cd78db810975318bf0f74dcfd' multiply d
efined.


LaTeX Warning: Label `classObject_ab78e065c1bf8d0e5ca13be0ecfef76f1' multiply d
efined.


LaTeX Warning: Label `classObject_ad337bd37c7a9a6c7d0908e1ab418120b' multiply d
efined.


LaTeX Warning: Label `classObject_ac8fb7e96f91812ed9b64e3c773b21df7' multiply d
efined.


LaTeX Warning: Label `classObject_a6dd1b5dd9a505cb720ba393ed499f4e7' multiply d
efined.


LaTeX Warning: Label `classObject_abcbfe2519db39ced8bdf097e8b981dda' multiply d
efined.


LaTeX Warning: Label `classObject_a58ef9b7b66c5c46f87cae00f810b0a4a' multiply d
efined.


LaTeX Warning: Label `classObject_a8cd7da58a281336729f6fba8483bd61f' multiply d
efined.


LaTeX Warning: Label `classObject_acf4196d2fb81df80589b58eb66d03b70' multiply d
efined.


LaTeX Warning: Label `classObject_ada6bf6b720cbc19dc9531ec6c9aa6f24' multiply d
efined.


LaTeX Warning: Label `classObject_af2dfb87786a3c58e1a2c12dd98c239ec' multiply d
efined.


LaTeX Warning: Label `classObject_acaa7a13c36b3bdf1b3a6650252e592b1' multiply d
efined.


LaTeX Warning: Label `classObject_a5f2e22fc463755bac7667d151fb4e0fa' multiply d
efined.


LaTeX Warning: Label `classObject_abc48f39121bf0552168fbbad2b1edc72' multiply d
efined.


LaTeX Warning: Label `classObject_a168572a1b789af1a15e613fc695a1c48' multiply d
efined.


LaTeX Warning: Label `classObject_a49b5e0362b8939c00acb0ff00f245faf' multiply d
efined.


LaTeX Warning: Label `classObject_a40ec7f9e4d261a23fa28c68674235420' multiply d
efined.


LaTeX Warning: Label `classObject_a2a19498a042d2dd5c9617478d9c6108a' multiply d
efined.


LaTeX Warning: Label `classObject_a76942a904503102af3e2d16d774e63a9' multiply d
efined.


LaTeX Warning: Label `classObject_a05b97be8fece8d6a7b1af0579edef1a0' multiply d
efined.


LaTeX Warning: Label `classObject_a2273ca5711d16a3c1a2f82b66efe8aae' multiply d
efined.


LaTeX Warning: Label `classObject_a662ce951c630caf9f70a4309e5415ff7' multiply d
efined.


LaTeX Warning: Label `classObject_adc8b1304393aa4624d90b354547e4417' multiply d
efined.


LaTeX Warning: Label `classObject_a1940f14ab0a96bc1ae0f44207df99272' multiply d
efined.


LaTeX Warning: Label `classObject_a57211e035b27dade09eff5181e6344ec' multiply d
efined.


LaTeX Warning: Label `classObject_abb82a6e42cf8ead134336ed7215eb96a' multiply d
efined.


LaTeX Warning: Label `classObject_ab0e86d8381fd6a75d0345815cf1719a1' multiply d
efined.


LaTeX Warning: Label `classObject_a7682b312620d0eb8755b0a71058c7ac8' multiply d
efined.


LaTeX Warning: Label `classObject_a273d5a6a9a37f5a367c8f7e24148111f' multiply d
efined.


LaTeX Warning: Label `classObject_a0c9db7d01b0a5fc34e9d0b7fabe3fdd5' multiply d
efined.


LaTeX Warning: Label `classObject_a8ff358b9df49d59d79707150555b5ea7' multiply d
efined.


LaTeX Warning: Label `classObject_ab61e725bd05e1196e2008d12897a7db4' multiply d
efined.


LaTeX Warning: Label `classObject_a254bad43d255a060b7a604f1db92f364' multiply d
efined.


LaTeX Warning: Label `classObject_a3001a23e18684ebbfa546dd1660b3be5' multiply d
efined.


LaTeX Warning: Label `classObject_a71f96360a1cc94c651d2c4a30154622f' multiply d
efined.


LaTeX Warning: Label `classObject_ab2406455f926d7a957f92da64f99c096' multiply d
efined.


LaTeX Warning: Label `classObject_ab6d0594ca9021e45807970c88710b759' multiply d
efined.


LaTeX Warning: Label `classObject_a7fc49e01b0ec100f852ef0579a8fa7dd' multiply d
efined.


LaTeX Warning: Label `classObject_aee9b979b77c97d7c73b812cd3121aa06' multiply d
efined.


LaTeX Warning: Label `classObject_a38fd393e976571f858fcecbb9d4fa5dc' multiply d
efined.


LaTeX Warning: Label `classObject_a089032b75342c96aa82eb8923b877499' multiply d
efined.


LaTeX Warning: Label `classObject_a6c7b79d620f091fd39bcdf6b3d6691f2' multiply d
efined.


LaTeX Warning: Label `classObject_ad46d3d90c2735b8fb8e4446f6a6c9ab4' multiply d
efined.

)
\openout1 = `refman.aux'.

LaTeX Font Info:    Checking defaults for OML/cmm/m/it on input line 149.
LaTeX Font Info:    ... okay on input line 149.
LaTeX Font Info:    Checking defaults for OMS/cmsy/m/n on input line 149.
LaTeX Font Info:    ... okay on input line 149.
LaTeX Font Info:    Checking defaults for OT1/cmr/m/n on input line 149.
LaTeX Font Info:    ... okay on input line 149.
LaTeX Font Info:    Checking defaults for T1/cmr/m/n on input line 149.
LaTeX Font Info:    ... okay on input line 149.
LaTeX Font Info:    Checking defaults for TS1/cmr/m/n on input line 149.
LaTeX Font Info:    Trying to load font information for TS1+cmr on input line 1
49.
 (/usr/share/texlive/texmf-dist/tex/latex/base/ts1cmr.fd
File: ts1cmr.fd 2019/12/16 v2.5j Standard LaTeX font definitions
)
LaTeX Font Info:    ... okay on input line 149.
LaTeX Font Info:    Checking defaults for TU/lmr/m/n on input line 149.
LaTeX Font Info:    ... okay on input line 149.
LaTeX Font Info:    Checking defaults for OMX/cmex/m/n on input line 149.
LaTeX Font Info:    ... okay on input line 149.
LaTeX Font Info:    Checking defaults for U/cmr/m/n on input line 149.
LaTeX Font Info:    ... okay on input line 149.
LaTeX Font Info:    Checking defaults for PD1/pdf/m/n on input line 149.
LaTeX Font Info:    ... okay on input line 149.
LaTeX Font Info:    Checking defaults for PU/pdf/m/n on input line 149.
LaTeX Font Info:    ... okay on input line 149.

*geometry* driver: auto-detecting
*geometry* detected driver: xetex
*geometry* verbose mode - [ preamble ] result:
* driver: xetex
* paper: a4paper
* layout: <same size as paper>
* layoutoffset:(h,v)=(0.0pt,0.0pt)
* modes: twoside 
* h-part:(L,W,R)=(71.13188pt, 455.24411pt, 71.13188pt)
* v-part:(T,H,B)=(71.13188pt, 702.78308pt, 71.13188pt)
* \paperwidth=597.50787pt
* \paperheight=845.04684pt
* \textwidth=455.24411pt
* \textheight=702.78308pt
* \oddsidemargin=-1.1381pt
* \evensidemargin=-1.1381pt
* \topmargin=-31.2056pt
* \headheight=12.0pt
* \headsep=18.06749pt
* \topskip=10.0pt
* \footskip=25.29494pt
* \marginparwidth=125.0pt
* \marginparsep=7.0pt
* \columnsep=10.0pt
* \skip\footins=9.0pt plus 4.0pt minus 2.0pt
* \hoffset=0.0pt
* \voffset=0.0pt
* \mag=1000
* \@twocolumnfalse
* \@twosidetrue
* \@mparswitchtrue
* \@reversemarginfalse
* (1in=72.27pt=25.4mm, 1cm=28.453pt)

Package hyperref Info: Link coloring ON on input line 149.
(/usr/share/texlive/texmf-dist/tex/latex/hyperref/nameref.sty
Package: nameref 2019/09/16 v2.46 Cross-referencing by name of section

(/usr/share/texlive/texmf-dist/tex/latex/refcount/refcount.sty
Package: refcount 2019/12/15 v3.6 Data extraction from label references (HO)
)
(/usr/share/texlive/texmf-dist/tex/generic/gettitlestring/gettitlestring.sty
Package: gettitlestring 2019/12/15 v1.6 Cleanup title references (HO)
)
\c@section@level=\count316
)
LaTeX Info: Redefining \ref on input line 149.
LaTeX Info: Redefining \pageref on input line 149.
LaTeX Info: Redefining \nameref on input line 149.

(./refman.out) (./refman.out)
\@outlinefile=\write5
\openout5 = `refman.out'.

Package backref Info: ** backref set up for natbib ** on input line 149.
Package caption Info: Begin \AtBeginDocument code.
Package caption Info: End \AtBeginDocument code.
\Etoc@tf=\read4
Package hyperref Info: Option `pageanchor' set `false' on input line 156.
Package hyperref Info: Option `bookmarksnumbered' set `true' on input line 156.

LaTeX Font Info:    Font shape `T1/phv/m/n' will be
(Font)              scaled to size 12.9599pt on input line 161.
LaTeX Font Info:    Font shape `T1/phv/m/n' will be
(Font)              scaled to size 10.79993pt on input line 161.
LaTeX Font Info:    Font shape `T1/phv/m/n' will be
(Font)              scaled to size 6.29996pt on input line 161.
LaTeX Font Info:    Trying to load font information for U+msa on input line 161
.

(/usr/share/texlive/texmf-dist/tex/latex/amsfonts/umsa.fd
File: umsa.fd 2013/01/14 v3.01 AMS symbols A
)
LaTeX Font Info:    Trying to load font information for U+msb on input line 161
.

(/usr/share/texlive/texmf-dist/tex/latex/amsfonts/umsb.fd
File: umsb.fd 2013/01/14 v3.01 AMS symbols B
)
LaTeX Font Info:    Trying to load font information for U+wasy on input line 16
1.

(/usr/share/texlive/texmf-dist/tex/latex/wasysym/uwasy.fd
File: uwasy.fd 2020/01/19 v2.4 Wasy-2 symbol font definitions
) [1


] [2

]
\tf@toc=\write6
\openout6 = `refman.toc'.

LaTeX Font Info:    Font shape `T1/phv/b/n' will be
(Font)              scaled to size 8.99994pt on input line 169.
LaTeX Font Info:    Font shape `T1/phv/b/n' will be
(Font)              scaled to size 6.29996pt on input line 169.
 [1]
LaTeX Font Info:    Font shape `T1/phv/m/n' will be
(Font)              scaled to size 7.19995pt on input line 169.
LaTeX Font Info:    Trying to load font information for T1+pcr on input line 16
9.

(/usr/share/texlive/texmf-dist/tex/latex/psnfss/t1pcr.fd
File: t1pcr.fd 2001/06/04 font definitions for T1/pcr.
) [2] [3] [4] [5]
[6] [7] [8] [9] [10] [11] [12] [13] [14] [15] [16] [17] [18] [19] [20] [21]
[22] [23] [24]
Package hyperref Info: Option `pageanchor' set `true' on input line 171.

Chapter 1.
LaTeX Font Info:    Font shape `T1/phv/m/n' will be
(Font)              scaled to size 18.66588pt on input line 174.
LaTeX Font Info:    Font shape `T1/phv/b/n' will be
(Font)              scaled to size 18.66588pt on input line 174.
LaTeX Font Info:    Font shape `T1/phv/bc/n' will be
(Font)              scaled to size 18.66588pt on input line 174.
LaTeX Font Info:    Font shape `T1/phv/m/n' will be
(Font)              scaled to size 22.39185pt on input line 174.
LaTeX Font Info:    Font shape `T1/phv/b/n' will be
(Font)              scaled to size 22.39185pt on input line 174.
LaTeX Font Info:    Font shape `T1/phv/bc/n' will be
(Font)              scaled to size 22.39185pt on input line 174.
(./index.tex
LaTeX Font Info:    Trying to load font information for TS1+phv on input line 5
.
 (/usr/share/texlive/texmf-dist/tex/latex/psnfss/ts1phv.fd
File: ts1phv.fd 2020/03/25 scalable font definitions for TS1/phv.
)
LaTeX Font Info:    Font shape `TS1/phv/m/n' will be
(Font)              scaled to size 8.99994pt on input line 5.
LaTeX Font Info:    Font shape `T1/phv/b/n' will be
(Font)              scaled to size 12.9599pt on input line 6.
LaTeX Font Info:    Font shape `T1/phv/b/n' will be
(Font)              scaled to size 10.79993pt on input line 16.

[1


]) [2]
Chapter 2.
(./namespaces.tex) [3

] [4

]
Chapter 3.
(./hierarchy.tex) [5] [6

]
Chapter 4.
(./annotated.tex) [7] [8

]
Chapter 5.
(./files.tex [9] [10] [11]) [12]
Chapter 6.
(./namespaceDISPLAY.tex) (./namespaceFILEE.tex [13

]
LaTeX Font Info:    Font shape `T1/pcr/m/it' in size <8> not available
(Font)              Font shape `T1/pcr/m/sl' tried instead on input line 23.
) (./namespaceJSON.tex
[14]) (./namespaceNUMBER.tex [15] [16] [17] [18]) (./namespacePATH.tex [19])
(./namespacePATH_1_1ASSETS.tex [20]) (./namespacePATH_1_1ATB.tex [21])
(./namespacePATH_1_1SAVING.tex [22] [23]) (./namespaceRANDOM.tex [24]
LaTeX Font Info:    Font shape `T1/phv/b/n' will be
(Font)              scaled to size 7.19995pt on input line 62.
 [25]
[26]
Overfull \hbox (24.7562pt too wide) in paragraph at lines 229--230
\T1/pcr/m/n/8 std[]::mt19937 RANDOM[]::rng = std[]::mt19937(std[]::chrono[]::st
eady[]_[]clock[]::now().time[]_[]since[]_[]epoch().count())
 []

) (./namespaceSIUSTRING.tex [27]) [28]
Chapter 7.
(./classAVL.tex [29

] [30] [31] [32] [33] [34]
LaTeX Font Info:    Font shape `T1/pcr/m/it' in size <7> not available
(Font)              Font shape `T1/pcr/m/sl' tried instead on input line 476.
 [35] [36] [37] [38] [39] [40]
[41] [42] [43] [44]) (./classBTree4th.tex [45] [46] [47] [48] [49])
(./classButton.tex
File: classButton.pdf Graphic file (type pdf)
<use classButton.pdf>
 [50] [51] [52] [53] [54] [55] [56] [57] [58] [59] [60]
[61] [62] [63] [64] [65] [66] [67] [68] [69] [70] [71])
(./classDataStructures.tex [72]
File: classDataStructures.pdf Graphic file (type pdf)
<use classDataStructures.pdf>
 [73] [74] [75] [76] [77] [78] [79] [80]
[81] [82] [83] [84] [85] [86] [87] [88] [89] [90] [91] [92] [93] [94] [95]
[96] [97] [98] [99] [100] [101] [102] [103] [104] [105] [106] [107])
(./classDisplay.tex
File: classDisplay.pdf Graphic file (type pdf)
<use classDisplay.pdf>
 [108] [109] [110] [111] [112] [113] [114] [115] [116]
[117] [118] [119] [120] [121] [122] [123] [124] [125] [126])
(./structdistanceHeap.tex [127] [128] [129]) (./structDSU.tex [130] [131]
[132]) (./classGraph.tex [133] [134] [135] [136] [137] [138] [139] [140]
[141]) (./classHashTable.tex [142] [143] [144] [145] [146] [147] [148] [149]
[150] [151] [152] [153] [154]) (./classInputBox.tex
File: classInputBox.pdf Graphic file (type pdf)
<use classInputBox.pdf>
 [155] [156] [157] [158]
[159] [160] [161]) (./classmaxHeap.tex [162] [163] [164] [165])
(./classminHeap.tex [166] [167] [168] [169] [170] [171] [172] [173] [174]
[175] [176]) (./classMyWindow.tex [177] [178] [179] [180] [181] [182] [183]
[184] [185] [186] [187]) (./classObject.tex
File: classObject.pdf Graphic file (type pdf)
<use classObject.pdf>
 [188] [189] [190] [191] [192]
[193] [194] [195] [196] [197] [198] [199] [200] [201] [202] [203] [204])
(./structPoint.tex [205]) (./structPosition.tex
File: structPosition.pdf Graphic file (type pdf)
<use structPosition.pdf>
 [206]) (./classScript.tex
[207]
File: classScript.pdf Graphic file (type pdf)
<use classScript.pdf>
 [208] [209] [210] [211] [212]) (./classSprite.tex
File: classSprite.pdf Graphic file (type pdf)
<use classSprite.pdf>
 [213] [214] [215]
[216] [217] [218] [219] [220] [221] [222] [223] [224] [225] [226] [227]
[228] [229] [230] [231] [232] [233] [234]) (./classTrie.tex [235] [236]
[237] [238] [239] [240] [241] [242] [243] [244] [245]) [246]
Chapter 8.
(./button_8hpp.tex
Underfull \hbox (badness 10000) in paragraph at lines 3--8

 []

LaTeX Font Info:    Font shape `T1/phv/m/n' will be
(Font)              scaled to size 8.09995pt on input line 12.
LaTeX Font Info:    Font shape `T1/phv/m/it' in size <9> not available
(Font)              Font shape `T1/phv/m/sl' tried instead on input line 12.
LaTeX Font Info:    Font shape `T1/phv/m/sl' will be
(Font)              scaled to size 8.09995pt on input line 12.
) (./data__structures_8hpp.tex
Underfull \hbox (badness 10000) in paragraph at lines 3--20

 []

) (./AVL_8hpp.tex
Underfull \hbox (badness 10000) in paragraph at lines 3--11

 []

[247

]) (./btree4th_8hpp.tex
Underfull \hbox (badness 10000) in paragraph at lines 3--6

 []

) (./graph_8hpp.tex
Underfull \hbox (badness 10000) in paragraph at lines 3--15

 []

) (./hash__table_8hpp.tex
Underfull \hbox (badness 10000) in paragraph at lines 3--14

 []

[248]
LaTeX Font Info:    Font shape `T1/phv/m/it' in size <7> not available
(Font)              Font shape `T1/phv/m/sl' tried instead on input line 18.
LaTeX Font Info:    Font shape `T1/phv/m/sl' will be
(Font)              scaled to size 6.29996pt on input line 18.
) (./maxheap_8hpp.tex
Underfull \hbox (badness 10000) in paragraph at lines 3--6

 []

) (./minheap_8hpp.tex
Underfull \hbox (badness 10000) in paragraph at lines 3--14

 []

[249]) (./trie_8hpp.tex
Underfull \hbox (badness 10000) in paragraph at lines 3--12

 []

) (./display_8hpp.tex
Underfull \hbox (badness 10000) in paragraph at lines 3--10

 []

) (./GLOBAL_8hpp.tex
Underfull \hbox (badness 10000) in paragraph at lines 3--7

 []

[250] [251] [252] [253] [254] [255] [256] [257] [258]) (./inputbox_8hpp.tex
Underfull \hbox (badness 10000) in paragraph at lines 3--9

 []

) (./object_8hpp.tex
Underfull \hbox (badness 10000) in paragraph at lines 3--8

 []

) (./script_8hpp.tex
Underfull \hbox (badness 10000) in paragraph at lines 3--11

 []

[259]) (./services_8hpp.tex
Underfull \hbox (badness 10000) in paragraph at lines 3--10

 []

[260]) (./sprite_8hpp.tex
Underfull \hbox (badness 10000) in paragraph at lines 3--8

 []

[261]) (./window_8hpp.tex
Underfull \hbox (badness 10000) in paragraph at lines 3--14

 []

) (./README_8md.tex) (./AVL_2constructor_8cpp.tex)
(./btree4th_2constructor_8cpp.tex [262]) (./button_2constructor_8cpp.tex)
(./data__structures_2constructor_8cpp.tex) (./display_2constructor_8cpp.tex)
(./graph_2constructor_8cpp.tex) (./hash__table_2constructor_8cpp.tex)
(./inputbox_2constructor_8cpp.tex) (./maxheap_2constructor_8cpp.tex [263])
(./minheap_2constructor_8cpp.tex) (./object_2constructor_8cpp.tex)
(./script_2constructor_8cpp.tex) (./sprite_2constructor_8cpp.tex)
(./trie_2constructor_8cpp.tex) (./window_2constructor_8cpp.tex [264])
(./AVL_2destructor_8cpp.tex) (./btree4th_2destructor_8cpp.tex)
(./button_2destructor_8cpp.tex) (./data__structures_2destructor_8cpp.tex)
(./display_2destructor_8cpp.tex) (./graph_2destructor_8cpp.tex)
(./hash__table_2destructor_8cpp.tex [265]) (./inputbox_2destructor_8cpp.tex)
(./maxheap_2destructor_8cpp.tex) (./minheap_2destructor_8cpp.tex)
(./object_2destructor_8cpp.tex) (./script_2destructor_8cpp.tex)
(./sprite_2destructor_8cpp.tex) (./trie_2destructor_8cpp.tex)
(./window_2destructor_8cpp.tex [266]) (./AVL_2event_8cpp.tex)
(./button_2event_8cpp.tex) (./data__structures_2event_8cpp.tex)
(./display_2event_8cpp.tex) (./graph_2event_8cpp.tex)
(./hash__table_2event_8cpp.tex) (./inputbox_2event_8cpp.tex)
(./minheap_2event_8cpp.tex [267]) (./script_2event_8cpp.tex)
(./trie_2event_8cpp.tex) (./window_2event_8cpp.tex) (./delete_8cpp.tex)
(./AVL_2operator_2init_8cpp.tex) (./btree4th_2operator_2init_8cpp.tex [268])
(./data__structures_2operator_2AVL_2init_8cpp.tex)
(./data__structures_2operator_2graph_2init_8cpp.tex)
(./data__structures_2operator_2hash__table_2init_8cpp.tex)
(./data__structures_2operator_2minheap_2init_8cpp.tex)
(./data__structures_2operator_2trie_2init_8cpp.tex)
(./graph_2operator_2init_8cpp.tex
Underfull \hbox (badness 10000) in paragraph at lines 3--5

 []

[269]) (./hash__table_2operator_2init_8cpp.tex)
(./maxheap_2operator_2init_8cpp.tex) (./minheap_2operator_2init_8cpp.tex)
(./trie_2operator_2init_8cpp.tex) (./AVL_2operator_2insert_8cpp.tex)
(./btree4th_2operator_2insert_8cpp.tex)
(./data__structures_2operator_2AVL_2insert_8cpp.tex [270])
(./data__structures_2operator_2hash__table_2insert_8cpp.tex)
(./data__structures_2operator_2minheap_2insert_8cpp.tex)
(./data__structures_2operator_2trie_2insert_8cpp.tex)
(./hash__table_2operator_2insert_8cpp.tex)
(./maxheap_2operator_2insert_8cpp.tex) (./minheap_2operator_2insert_8cpp.tex)
(./trie_2operator_2insert_8cpp.tex) (./AVL_2operator_2search_8cpp.tex [271])
(./btree4th_2operator_2search_8cpp.tex)
(./data__structures_2operator_2AVL_2search_8cpp.tex)
(./data__structures_2operator_2hash__table_2search_8cpp.tex)
(./data__structures_2operator_2trie_2search_8cpp.tex)
(./hash__table_2operator_2search_8cpp.tex) (./trie_2operator_2search_8cpp.tex)
(./AVL_2rendering_8cpp.tex) (./button_2rendering_8cpp.tex [272])
(./data__structures_2rendering_8cpp.tex) (./display_2rendering_8cpp.tex)
(./graph_2rendering_8cpp.tex
Underfull \hbox (badness 10000) in paragraph at lines 3--4

 []

) (./hash__table_2rendering_8cpp.tex) (./inputbox_2rendering_8cpp.tex)
(./maxheap_2rendering_8cpp.tex) (./minheap_2rendering_8cpp.tex)
(./object_2rendering_8cpp.tex [273]) (./script_2rendering_8cpp.tex)
(./sprite_2rendering_8cpp.tex) (./trie_2rendering_8cpp.tex)
(./window_2rendering_8cpp.tex) (./rotate_8cpp.tex) (./AVL_2step_8cpp.tex)
(./data__structures_2step_8cpp.tex [274]) (./hash__table_2step_8cpp.tex)
(./minheap_2step_8cpp.tex) (./trie_2step_8cpp.tex) (./node_8cpp.tex)
(./addRecord_8cpp.tex) (./split_8cpp.tex) (./action_8cpp.tex [275])
(./mouse__action_8cpp.tex) (./AVL_8cpp.tex) (./btree4th_8cpp.tex)
(./graph_8cpp.tex) (./hash__table_8cpp.tex) (./heap_8cpp.tex)
(./data__structures_2operator_8cpp.tex) (./inputbox_2operator_8cpp.tex)
(./data__structures_2operator_2AVL_2remove_8cpp.tex)
(./data__structures_2operator_2hash__table_2remove_8cpp.tex)
(./data__structures_2operator_2trie_2remove_8cpp.tex [276])
(./hash__table_2operator_2remove_8cpp.tex)
(./maxheap_2operator_2remove_8cpp.tex) (./minheap_2operator_2remove_8cpp.tex
Underfull \hbox (badness 10000) in paragraph at lines 3--4

 []

) (./trie_2operator_2remove_8cpp.tex [277]) (./AVL_2setting_8cpp.tex)
(./graph_2setting_8cpp.tex) (./hash__table_2setting_8cpp.tex)
(./minheap_2setting_8cpp.tex) (./trie_2setting_8cpp.tex)
(./data__structures_2operator_2graph_2dijkstra_8cpp.tex)
(./graph_2operator_2dijkstra_8cpp.tex [278]
Underfull \hbox (badness 10000) in paragraph at lines 3--4

 []

) (./data__structures_2operator_2graph_2mst_8cpp.tex)
(./graph_2operator_2mst_8cpp.tex
Underfull \hbox (badness 10000) in paragraph at lines 3--5

 []

) (./data__structures_2operator_2graph_2scc_8cpp.tex)
(./graph_2operator_2scc_8cpp.tex) (./pop_8cpp.tex)
(./data__structures_2operator_2minheap_2size_8cpp.tex [279])
(./maxheap_2operator_2size_8cpp.tex) (./minheap_2operator_2size_8cpp.tex)
(./top_8cpp.tex) (./trie_8cpp.tex) (./repair_8cpp.tex) (./typing_8cpp.tex)
(./main_8cpp.tex
Underfull \hbox (badness 10000) in paragraph at lines 3--5

 []

[280]) (./getmax_8cpp.tex) (./maxheap_2operator_2heapify_8cpp.tex)
(./minheap_2operator_2heapify_8cpp.tex) (./getmin_8cpp.tex)
(./object_2coloring_8cpp.tex) (./sprite_2coloring_8cpp.tex)
(./cropping_8cpp.tex [281]) (./external__storage_8cpp.tex) (./font_8cpp.tex)
(./object_2locating_8cpp.tex) (./sprite_2locating_8cpp.tex) (./shape_8cpp.tex)
(./visible_8cpp.tex) (./highlight_8cpp.tex [282]) (./file_8cpp.tex)
(./json_8cpp.tex) (./number_8cpp.tex
Underfull \hbox (badness 10000) in paragraph at lines 3--5

 []

[283]) (./random_8cpp.tex) (./string_8cpp.tex) (./aligning_8cpp.tex)
(./textbox_8cpp.tex) (./running_8cpp.tex) (./status_8cpp.tex)
(./updating_8cpp.tex [284])
Underfull \hbox (badness 10000) in paragraph at lines 3--389

 []

[285] [286

] (./refman.ind [287


] [288] [289] [290] [291] [292] [293] [294]
[295] [296] [297] [298] [299]
Underfull \hbox (badness 10000) in paragraph at lines 1617--1619
[]\T1/phv/m/n/10 src/data_structures/operator/hash_table/remove.cpp,
 []


Underfull \hbox (badness 10000) in paragraph at lines 1619--1621
[]\T1/phv/m/n/10 src/data_structures/operator/hash_table/search.cpp,
 []


Underfull \hbox (badness 10000) in paragraph at lines 1621--1623
[]\T1/phv/m/n/10 src/data_structures/operator/hash_table/setting.cpp,
 []

[300] [301] [302]) (./refman.aux)

LaTeX Warning: There were multiply-defined labels.

Package rerunfilecheck Info: File `refman.out' has not changed.
(rerunfilecheck)             Checksum: FCDB7B5566DAF1B68D5AA0B1FC235F23;212342.

 ) 
Here is how much of TeX's memory you used:
 18363 strings out of 478785
 302727 string characters out of 5864179
 1100904 words of memory out of 5000000
 37053 multiletter control sequences out of 15000+600000
 450723 words of font info for 90 fonts, out of 8000000 for 9000
 264 hyphenation exceptions out of 8191
 112i,16n,117p,702b,634s stack positions out of 5000i,500n,10000p,200000b,80000s

Output written on refman.pdf (328 pages).
